This is pdfTeX, Version 3.14159265-2.6-1.40.21 (TeX Live 2020) (preloaded format=pdflatex 2020.4.7)  13 APR 2022 20:29
entering extended mode
 restricted \write18 enabled.
 file:line:error style messages enabled.
 %&-line parsing enabled.
**ps5.tex
(./ps5.tex
LaTeX2e <2020-02-02> patch level 5
L3 programming layer <2020-03-06>
(/usr/local/texlive/2020/texmf-dist/tex/latex/base/article.cls
Document Class: article 2019/12/20 v1.4l Standard LaTeX document class
(/usr/local/texlive/2020/texmf-dist/tex/latex/base/size10.clo
File: size10.clo 2019/12/20 v1.4l Standard LaTeX file (size option)
)
\c@part=\count167
\c@section=\count168
\c@subsection=\count169
\c@subsubsection=\count170
\c@paragraph=\count171
\c@subparagraph=\count172
\c@figure=\count173
\c@table=\count174
\abovecaptionskip=\skip47
\belowcaptionskip=\skip48
\bibindent=\dimen134
)
(/usr/local/texlive/2020/texmf-dist/tex/latex/base/inputenc.sty
Package: inputenc 2018/08/11 v1.3c Input encoding file
\inpenc@prehook=\toks15
\inpenc@posthook=\toks16
)
(/usr/local/texlive/2020/texmf-dist/tex/latex/base/fontenc.sty
Package: fontenc 2020/02/11 v2.0o Standard LaTeX package
)
(/usr/local/texlive/2020/texmf-dist/tex/latex/amsmath/amsmath.sty
Package: amsmath 2020/01/20 v2.17e AMS math features
\@mathmargin=\skip49

For additional information on amsmath, use the `?' option.
(/usr/local/texlive/2020/texmf-dist/tex/latex/amsmath/amstext.sty
Package: amstext 2000/06/29 v2.01 AMS text

(/usr/local/texlive/2020/texmf-dist/tex/latex/amsmath/amsgen.sty
File: amsgen.sty 1999/11/30 v2.0 generic functions
\@emptytoks=\toks17
\ex@=\dimen135
))
(/usr/local/texlive/2020/texmf-dist/tex/latex/amsmath/amsbsy.sty
Package: amsbsy 1999/11/29 v1.2d Bold Symbols
\pmbraise@=\dimen136
)
(/usr/local/texlive/2020/texmf-dist/tex/latex/amsmath/amsopn.sty
Package: amsopn 2016/03/08 v2.02 operator names
)
\inf@bad=\count175
LaTeX Info: Redefining \frac on input line 227.
\uproot@=\count176
\leftroot@=\count177
LaTeX Info: Redefining \overline on input line 389.
\classnum@=\count178
\DOTSCASE@=\count179
LaTeX Info: Redefining \ldots on input line 486.
LaTeX Info: Redefining \dots on input line 489.
LaTeX Info: Redefining \cdots on input line 610.
\Mathstrutbox@=\box45
\strutbox@=\box46
\big@size=\dimen137
LaTeX Font Info:    Redeclaring font encoding OML on input line 733.
LaTeX Font Info:    Redeclaring font encoding OMS on input line 734.
\macc@depth=\count180
\c@MaxMatrixCols=\count181
\dotsspace@=\muskip16
\c@parentequation=\count182
\dspbrk@lvl=\count183
\tag@help=\toks18
\row@=\count184
\column@=\count185
\maxfields@=\count186
\andhelp@=\toks19
\eqnshift@=\dimen138
\alignsep@=\dimen139
\tagshift@=\dimen140
\tagwidth@=\dimen141
\totwidth@=\dimen142
\lineht@=\dimen143
\@envbody=\toks20
\multlinegap=\skip50
\multlinetaggap=\skip51
\mathdisplay@stack=\toks21
LaTeX Info: Redefining \[ on input line 2859.
LaTeX Info: Redefining \] on input line 2860.
)
(/usr/local/texlive/2020/texmf-dist/tex/latex/amsfonts/amssymb.sty
Package: amssymb 2013/01/14 v3.01 AMS font symbols

(/usr/local/texlive/2020/texmf-dist/tex/latex/amsfonts/amsfonts.sty
Package: amsfonts 2013/01/14 v3.01 Basic AMSFonts support
\symAMSa=\mathgroup4
\symAMSb=\mathgroup5
LaTeX Font Info:    Redeclaring math symbol \hbar on input line 98.
LaTeX Font Info:    Overwriting math alphabet `\mathfrak' in version `bold'
(Font)                  U/euf/m/n --> U/euf/b/n on input line 106.
))
(./stata.sty
Package: stata 2013/10/23 v1.34 LaTeX package for Stata code
 (/usr/local/texlive/2020/texmf-dist/tex/latex/base/alltt.sty
Package: alltt 1997/06/16 v2.0g defines alltt environment
)
(/usr/local/texlive/2020/texmf-dist/tex/latex/tools/calc.sty
Package: calc 2017/05/25 v4.3 Infix arithmetic (KKT,FJ)
\calc@Acount=\count187
\calc@Bcount=\count188
\calc@Adimen=\dimen144
\calc@Bdimen=\dimen145
\calc@Askip=\skip52
\calc@Bskip=\skip53
LaTeX Info: Redefining \setlength on input line 80.
LaTeX Info: Redefining \addtolength on input line 81.
\calc@Ccount=\count189
\calc@Cskip=\skip54
)
(/usr/local/texlive/2020/texmf-dist/tex/latex/base/ifthen.sty
Package: ifthen 2014/09/29 v1.1c Standard LaTeX ifthen package (DPC)
)
\st@box=\box47
\st@box@wd=\dimen146
\st@box@ht=\dimen147
\st@box@dp=\dimen148
\stsyndent=\skip55
\streswidth=\skip56
\st@parindent=\skip57
\stexamplehskip=\skip58
\sttechhskip=\skip59
\st@ttbox@box=\box48
\st@ttbox@framesep=\dimen149
\ttboxIndent=\dimen150
\ttboxWd=\dimen151
\st@ttbox@boxwd=\dimen152
\st@box=\box49
\st@emptywidth=\skip60
\st@linesize=\skip61
\st@maxdepth=\skip62
\st@maxheight=\skip63
\st@mbdepth=\skip64
\st@mtdepth=\skip65
\st@xheight=\skip66
\st@xwidth=\skip67
\st@N=\count190
)
(/usr/local/texlive/2020/texmf-dist/tex/latex/graphics/graphicx.sty
Package: graphicx 2019/11/30 v1.2a Enhanced LaTeX Graphics (DPC,SPQR)

(/usr/local/texlive/2020/texmf-dist/tex/latex/graphics/keyval.sty
Package: keyval 2014/10/28 v1.15 key=value parser (DPC)
\KV@toks@=\toks22
)
(/usr/local/texlive/2020/texmf-dist/tex/latex/graphics/graphics.sty
Package: graphics 2019/11/30 v1.4a Standard LaTeX Graphics (DPC,SPQR)

(/usr/local/texlive/2020/texmf-dist/tex/latex/graphics/trig.sty
Package: trig 2016/01/03 v1.10 sin cos tan (DPC)
)
(/usr/local/texlive/2020/texmf-dist/tex/latex/graphics-cfg/graphics.cfg
File: graphics.cfg 2016/06/04 v1.11 sample graphics configuration
)
Package graphics Info: Driver file: pdftex.def on input line 105.

(/usr/local/texlive/2020/texmf-dist/tex/latex/graphics-def/pdftex.def
File: pdftex.def 2018/01/08 v1.0l Graphics/color driver for pdftex
))
\Gin@req@height=\dimen153
\Gin@req@width=\dimen154
)
(/usr/local/texlive/2020/texmf-dist/tex/latex/l3backend/l3backend-pdfmode.def
File: l3backend-pdfmode.def 2020-03-12 L3 backend support: PDF mode
\l__kernel_color_stack_int=\count191
\l__pdf_internal_box=\box50
)
(./ps5.aux)
\openout1 = `ps5.aux'.

LaTeX Font Info:    Checking defaults for OML/cmm/m/it on input line 14.
LaTeX Font Info:    ... okay on input line 14.
LaTeX Font Info:    Checking defaults for OMS/cmsy/m/n on input line 14.
LaTeX Font Info:    ... okay on input line 14.
LaTeX Font Info:    Checking defaults for OT1/cmr/m/n on input line 14.
LaTeX Font Info:    ... okay on input line 14.
LaTeX Font Info:    Checking defaults for T1/cmr/m/n on input line 14.
LaTeX Font Info:    ... okay on input line 14.
LaTeX Font Info:    Checking defaults for TS1/cmr/m/n on input line 14.
LaTeX Font Info:    ... okay on input line 14.
LaTeX Font Info:    Checking defaults for OMX/cmex/m/n on input line 14.
LaTeX Font Info:    ... okay on input line 14.
LaTeX Font Info:    Checking defaults for U/cmr/m/n on input line 14.
LaTeX Font Info:    ... okay on input line 14.

(/usr/local/texlive/2020/texmf-dist/tex/context/base/mkii/supp-pdf.mkii
[Loading MPS to PDF converter (version 2006.09.02).]
\scratchcounter=\count192
\scratchdimen=\dimen155
\scratchbox=\box51
\nofMPsegments=\count193
\nofMParguments=\count194
\everyMPshowfont=\toks23
\MPscratchCnt=\count195
\MPscratchDim=\dimen156
\MPnumerator=\count196
\makeMPintoPDFobject=\count197
\everyMPtoPDFconversion=\toks24
) (/usr/local/texlive/2020/texmf-dist/tex/latex/epstopdf-pkg/epstopdf-base.sty
Package: epstopdf-base 2020-01-24 v2.11 Base part for package epstopdf
Package epstopdf-base Info: Redefining graphics rule for `.eps' on input line 4
85.

(/usr/local/texlive/2020/texmf-dist/tex/latex/latexconfig/epstopdf-sys.cfg
File: epstopdf-sys.cfg 2010/07/13 v1.3 Configuration of (r)epstopdf for TeX Liv
e
))
LaTeX Font Info:    Trying to load font information for U+msa on input line 15.


(/usr/local/texlive/2020/texmf-dist/tex/latex/amsfonts/umsa.fd
File: umsa.fd 2013/01/14 v3.01 AMS symbols A
)
LaTeX Font Info:    Trying to load font information for U+msb on input line 15.


(/usr/local/texlive/2020/texmf-dist/tex/latex/amsfonts/umsb.fd
File: umsb.fd 2013/01/14 v3.01 AMS symbols B
)
LaTeX Font Info:    Trying to load font information for T1+cmtt on input line 1
9.

(/usr/local/texlive/2020/texmf-dist/tex/latex/base/t1cmtt.fd
File: t1cmtt.fd 2019/12/16 v2.5j Standard LaTeX font definitions
) (./ps5_1.log.tex
[1

{/usr/local/texlive/2020/texmf-var/fonts/map/pdftex/updmap/pdftex.map}]
Overfull \hbox (11.41911pt too wide) in paragraph at lines 57--57
 []||||||||| [] |||||||||||||||||||||||||||||||||||||||||||||||||||||||||||||||
||||||[] 
 []


Overfull \hbox (11.41911pt too wide) in paragraph at lines 58--58
 []   \T1/cmtt/m/n/8 Group  |     Obs        Mean    Std. err.   Std. dev.   [9
5% conf. interval][] 
 []


Overfull \hbox (11.41911pt too wide) in paragraph at lines 59--59
 []||||||||| [] |||||||||||||||||||||||||||||||||||||||||||||||||||||||||||||||
||||||[] 
 []


Overfull \hbox (11.41911pt too wide) in paragraph at lines 60--60
 []  \T1/cmtt/m/n/8 Male 1  | 211,889    128778.6    466.3794      214681    12
7864.5    129692.7[] 
 []


Overfull \hbox (11.41911pt too wide) in paragraph at lines 61--61
 []\T1/cmtt/m/n/8 Female 2  | 208,422    124881.3     455.824    208098.5    12
3987.9    125774.7[] 
 []


Overfull \hbox (11.41911pt too wide) in paragraph at lines 62--62
 []||||||||| [] |||||||||||||||||||||||||||||||||||||||||||||||||||||||||||||||
||||||[] 
 []


Overfull \hbox (11.41911pt too wide) in paragraph at lines 63--63
 []\T1/cmtt/m/n/8 Combined  | 420,311      126846    326.1556    211451.2    12
6206.8    127485.3[] 
 []


Overfull \hbox (11.41911pt too wide) in paragraph at lines 64--64
 []||||||||| [] |||||||||||||||||||||||||||||||||||||||||||||||||||||||||||||||
||||||[] 
 []


Overfull \hbox (11.41911pt too wide) in paragraph at lines 65--65
 []    \T1/cmtt/m/n/8 diff  |            3897.264    652.3065                26
18.764    5175.765[] 
 []


Overfull \hbox (11.41911pt too wide) in paragraph at lines 66--66
 []||||||||| [] |||||||||||||||||||||||||||||||||||||||||||||||||||||||||||||||
||||||[] 
 []


Overfull \hbox (11.4191pt too wide) in paragraph at lines 67--67
 []    \T1/cmtt/m/n/8 diff = mean(Male 1) - mean(Female 2)                     
     t =   5.9746[] 
 []


Overfull \hbox (11.4191pt too wide) in paragraph at lines 68--68
 []\T1/cmtt/m/n/8 H0: diff = 0                                     Degrees of f
reedom =   420309[] 
 []


Overfull \hbox (11.4191pt too wide) in paragraph at lines 71--71
 [] \T1/cmtt/m/n/8 Pr(T < t) = 1.0000         Pr(|T| > |t|) = 0.0000          P
r(T > t) = 0.0000[] 
 []

) (./ps5_2.log.tex
Overfull \hbox (11.41911pt too wide) in paragraph at lines 4--4
 []||||||||| [] |||||||||||||||||||||||||||||||||||||||||||||||||||||||||||||||
||||||[] 
 []


Overfull \hbox (11.41911pt too wide) in paragraph at lines 5--5
 []   \T1/cmtt/m/n/8 Group  |     Obs        Mean    Std. err.   Std. dev.   [9
5% conf. interval][] 
 []


Overfull \hbox (11.41911pt too wide) in paragraph at lines 6--6
 []||||||||| [] |||||||||||||||||||||||||||||||||||||||||||||||||||||||||||||||
||||||[] 
 []


Overfull \hbox (11.41911pt too wide) in paragraph at lines 7--7
 []  \T1/cmtt/m/n/8 Male 1  |  70,170     29.1133    .1263209    33.46194    28
.86571    29.36088[] 
 []


Overfull \hbox (11.41911pt too wide) in paragraph at lines 8--8
 []\T1/cmtt/m/n/8 Female 2  |  27,243    17.07203     .145522    24.01907    16
.78679    17.35726[] 
 []


Overfull \hbox (11.41911pt too wide) in paragraph at lines 9--9
 []||||||||| [] |||||||||||||||||||||||||||||||||||||||||||||||||||||||||||||||
||||||[] 
 []


Overfull \hbox (11.41911pt too wide) in paragraph at lines 10--10
 []\T1/cmtt/m/n/8 Combined  |  97,413    25.74577    .1011724    31.57697    25
.54748    25.94407[] 
 []


Overfull \hbox (11.41911pt too wide) in paragraph at lines 11--11
 []||||||||| [] |||||||||||||||||||||||||||||||||||||||||||||||||||||||||||||||
||||||[] 
 []


Overfull \hbox (11.41911pt too wide) in paragraph at lines 12--12
 []    \T1/cmtt/m/n/8 diff  |            12.04127    .2220863                11
.60598    12.47656[] 
 []


Overfull \hbox (11.41911pt too wide) in paragraph at lines 13--13
 []||||||||| [] |||||||||||||||||||||||||||||||||||||||||||||||||||||||||||||||
||||||[] 
 []


Overfull \hbox (11.4191pt too wide) in paragraph at lines 14--14
 []    \T1/cmtt/m/n/8 diff = mean(Male 1) - mean(Female 2)                     
     t =  54.2189[] 
 []


Overfull \hbox (11.4191pt too wide) in paragraph at lines 15--15
 []\T1/cmtt/m/n/8 H0: diff = 0                                     Degrees of f
reedom =    97411[] 
 []


Overfull \hbox (11.4191pt too wide) in paragraph at lines 18--18
 [] \T1/cmtt/m/n/8 Pr(T < t) = 1.0000         Pr(|T| > |t|) = 0.0000          P
r(T > t) = 0.0000[] 
 []

) (./ps5_3.log.tex
Overfull \hbox (11.41911pt too wide) in paragraph at lines 4--4
 []||||||||| [] |||||||||||||||||||||||||||||||||||||||||||||||||||||||||||||||
||||||[] 
 []


Overfull \hbox (11.41911pt too wide) in paragraph at lines 5--5
 []   \T1/cmtt/m/n/8 Group  |     Obs        Mean    Std. err.   Std. dev.   [9
5% conf. interval][] 
 []


Overfull \hbox (11.41911pt too wide) in paragraph at lines 6--6
 []||||||||| [] |||||||||||||||||||||||||||||||||||||||||||||||||||||||||||||||
||||||[] 
 []


Overfull \hbox (11.41911pt too wide) in paragraph at lines 7--7
 []  \T1/cmtt/m/n/8 Male 1  | 211,718    .2147715    .0008925    .4106647    .2
130223    .2165208[] 
 []


Overfull \hbox (11.41911pt too wide) in paragraph at lines 8--8
 []\T1/cmtt/m/n/8 Female 2  | 208,262    .2254948    .0009157    .4179088      
 .2237    .2272897[] 
 []


Overfull \hbox (11.41911pt too wide) in paragraph at lines 9--9
 []||||||||| [] |||||||||||||||||||||||||||||||||||||||||||||||||||||||||||||||
||||||[] 
 []


Overfull \hbox (11.41911pt too wide) in paragraph at lines 10--10
 []\T1/cmtt/m/n/8 Combined  | 419,980    .2200891    .0006393     .414307     .
218836    .2213421[] 
 []


Overfull \hbox (11.41911pt too wide) in paragraph at lines 11--11
 []||||||||| [] |||||||||||||||||||||||||||||||||||||||||||||||||||||||||||||||
||||||[] 
 []


Overfull \hbox (11.41911pt too wide) in paragraph at lines 12--12
 []    \T1/cmtt/m/n/8 diff  |           -.0107233    .0012785               -.0
132292   -.0082174[] 
 []


Overfull \hbox (11.41911pt too wide) in paragraph at lines 13--13
 []||||||||| [] |||||||||||||||||||||||||||||||||||||||||||||||||||||||||||||||
||||||[] 
 []


Overfull \hbox (11.4191pt too wide) in paragraph at lines 14--14
 []    \T1/cmtt/m/n/8 diff = mean(Male 1) - mean(Female 2)                     
     t =  -8.3871[] 
 []


Overfull \hbox (11.4191pt too wide) in paragraph at lines 15--15
 []\T1/cmtt/m/n/8 H0: diff = 0                                     Degrees of f
reedom =   419978[] 
 []


Overfull \hbox (11.4191pt too wide) in paragraph at lines 18--18
 [] \T1/cmtt/m/n/8 Pr(T < t) = 0.0000         Pr(|T| > |t|) = 0.0000          P
r(T > t) = 1.0000[] 
 []

) [2] (./ps5_4.log.tex)
<ps5_4.pdf, id=15, 397.485pt x 289.08pt>
File: ps5_4.pdf Graphic file (type pdf)
<use ps5_4.pdf>
Package pdftex.def Info: ps5_4.pdf  used on input line 30.
(pdftex.def)             Requested size: 207.0021pt x 150.55183pt.
 (./ps5_5.log.tex
Overfull \hbox (2.92117pt too wide) in paragraph at lines 3--3
 []\T1/cmtt/m/n/8 >            fcolor(none) lcolor(blue)), legend(order(1 "Fema
le" 2 "Male" ))[] 
 []

)
<ps5_5.pdf, id=16, 397.485pt x 289.08pt>
File: ps5_5.pdf Graphic file (type pdf)
<use ps5_5.pdf>
Package pdftex.def Info: ps5_5.pdf  used on input line 35.
(pdftex.def)             Requested size: 207.0021pt x 150.55183pt.
 [3 <./ps5_4.pdf> <./ps5_5.pdf>] (./ps5.aux) ) 
Here is how much of TeX's memory you used:
 2956 strings out of 480608
 36215 string characters out of 5903631
 294232 words of memory out of 5000000
 18805 multiletter control sequences out of 15000+600000
 543374 words of font info for 58 fonts, out of 8000000 for 9000
 1141 hyphenation exceptions out of 8191
 30i,6n,31p,338b,383s stack positions out of 5000i,500n,10000p,200000b,80000s
{/usr/local/texlive/2020/texmf-di
st/fonts/enc/dvips/cm-super/cm-super-t1.enc}</usr/local/texlive/2020/texmf-dist
/fonts/type1/public/amsfonts/cm/cmmi10.pfb></usr/local/texlive/2020/texmf-dist/
fonts/type1/public/cm-super/sfrm1000.pfb></usr/local/texlive/2020/texmf-dist/fo
nts/type1/public/cm-super/sfrm1200.pfb></usr/local/texlive/2020/texmf-dist/font
s/type1/public/cm-super/sfrm1728.pfb></usr/local/texlive/2020/texmf-dist/fonts/
type1/public/cm-super/sftt0800.pfb></usr/local/texlive/2020/texmf-dist/fonts/ty
pe1/public/cm-super/sftt1000.pfb>
Output written on ps5.pdf (3 pages, 154918 bytes).
PDF statistics:
 55 PDF objects out of 1000 (max. 8388607)
 37 compressed objects within 1 object stream
 0 named destinations out of 1000 (max. 500000)
 11 words of extra memory for PDF output out of 10000 (max. 10000000)

